<?xml version="1.0" encoding="UTF-8"?>
<coverage generated="1747047411820" clover="3.2.0">
  <project timestamp="1747047411820" name="All files">
    <metrics statements="174" coveredstatements="174" conditionals="65" coveredconditionals="58" methods="30" coveredmethods="30" elements="269" coveredelements="262" complexity="0" loc="174" ncloc="174" packages="2" files="3" classes="3"/>
    <package name="Auth">
      <metrics statements="136" coveredstatements="136" conditionals="43" coveredconditionals="42" methods="16" coveredmethods="16"/>
      <file name="Loginform.tsx" path="F:\MovieExplorerr\src\Components\Layouts\Auth\Loginform.tsx">
        <metrics statements="53" coveredstatements="53" conditionals="15" coveredconditionals="15" methods="7" coveredmethods="7"/>
        <line num="1" count="1" type="stmt"/>
        <line num="2" count="1" type="stmt"/>
        <line num="3" count="1" type="stmt"/>
        <line num="13" count="1" type="stmt"/>
        <line num="14" count="1" type="stmt"/>
        <line num="15" count="1" type="stmt"/>
        <line num="18" count="1" type="stmt"/>
        <line num="19" count="24" type="stmt"/>
        <line num="20" count="24" type="stmt"/>
        <line num="21" count="24" type="stmt"/>
        <line num="22" count="24" type="stmt"/>
        <line num="23" count="24" type="stmt"/>
        <line num="24" count="24" type="stmt"/>
        <line num="25" count="24" type="stmt"/>
        <line num="26" count="24" type="stmt"/>
        <line num="28" count="24" type="stmt"/>
        <line num="29" count="5" type="stmt"/>
        <line num="30" count="4" type="stmt"/>
        <line num="31" count="4" type="stmt"/>
        <line num="33" count="5" type="stmt"/>
        <line num="34" count="5" type="stmt"/>
        <line num="35" count="5" type="stmt"/>
        <line num="36" count="5" type="stmt"/>
        <line num="38" count="5" type="stmt"/>
        <line num="40" count="5" type="cond" truecount="1" falsecount="0"/>
        <line num="41" count="1" type="stmt"/>
        <line num="42" count="1" type="stmt"/>
        <line num="44" count="5" type="cond" truecount="1" falsecount="0"/>
        <line num="45" count="2" type="stmt"/>
        <line num="46" count="2" type="stmt"/>
        <line num="48" count="5" type="cond" truecount="1" falsecount="0"/>
        <line num="49" count="1" type="stmt"/>
        <line num="52" count="4" type="cond" truecount="1" falsecount="0"/>
        <line num="53" count="1" type="stmt"/>
        <line num="54" count="1" type="stmt"/>
        <line num="56" count="4" type="cond" truecount="1" falsecount="0"/>
        <line num="57" count="1" type="stmt"/>
        <line num="58" count="1" type="stmt"/>
        <line num="61" count="3" type="stmt"/>
        <line num="63" count="3" type="stmt"/>
        <line num="64" count="3" type="stmt"/>
        <line num="65" count="1" type="stmt"/>
        <line num="66" count="1" type="stmt"/>
        <line num="67" count="1" type="stmt"/>
        <line num="69" count="1" type="stmt"/>
        <line num="70" count="1" type="stmt"/>
        <line num="72" count="2" type="stmt"/>
        <line num="76" count="24" type="stmt"/>
        <line num="127" count="4" type="stmt"/>
        <line num="166" count="3" type="stmt"/>
        <line num="183" count="2" type="stmt"/>
        <line num="249" count="1" type="stmt"/>
        <line num="270" count="1" type="stmt"/>
      </file>
      <file name="SignupForm.tsx" path="F:\MovieExplorerr\src\Components\Layouts\Auth\SignupForm.tsx">
        <metrics statements="83" coveredstatements="83" conditionals="28" coveredconditionals="27" methods="9" coveredmethods="9"/>
        <line num="1" count="1" type="stmt"/>
        <line num="2" count="1" type="stmt"/>
        <line num="3" count="1" type="stmt"/>
        <line num="4" count="1" type="stmt"/>
        <line num="12" count="1" type="stmt"/>
        <line num="14" count="1" type="stmt"/>
        <line num="15" count="184" type="stmt"/>
        <line num="16" count="184" type="stmt"/>
        <line num="17" count="184" type="stmt"/>
        <line num="18" count="184" type="stmt"/>
        <line num="19" count="184" type="stmt"/>
        <line num="20" count="184" type="stmt"/>
        <line num="22" count="184" type="stmt"/>
        <line num="23" count="184" type="stmt"/>
        <line num="24" count="184" type="stmt"/>
        <line num="25" count="184" type="stmt"/>
        <line num="27" count="184" type="stmt"/>
        <line num="29" count="184" type="stmt"/>
        <line num="30" count="3" type="stmt"/>
        <line num="31" count="3" type="stmt"/>
        <line num="34" count="184" type="stmt"/>
        <line num="35" count="8" type="stmt"/>
        <line num="36" count="8" type="stmt"/>
        <line num="37" count="8" type="stmt"/>
        <line num="38" count="6" type="stmt"/>
        <line num="39" count="6" type="stmt"/>
        <line num="40" count="6" type="stmt"/>
        <line num="42" count="6" type="cond" truecount="1" falsecount="0"/>
        <line num="43" count="1" type="stmt"/>
        <line num="45" count="5" type="cond" truecount="1" falsecount="0"/>
        <line num="46" count="1" type="stmt"/>
        <line num="48" count="4" type="cond" truecount="1" falsecount="0"/>
        <line num="49" count="1" type="stmt"/>
        <line num="51" count="3" type="stmt"/>
        <line num="54" count="8" type="stmt"/>
        <line num="55" count="8" type="stmt"/>
        <line num="56" count="8" type="stmt"/>
        <line num="57" count="8" type="stmt"/>
        <line num="58" count="8" type="stmt"/>
        <line num="60" count="8" type="stmt"/>
        <line num="62" count="8" type="cond" truecount="1" falsecount="0"/>
        <line num="63" count="6" type="stmt"/>
        <line num="64" count="6" type="stmt"/>
        <line num="66" count="8" type="cond" truecount="2" falsecount="0"/>
        <line num="67" count="5" type="stmt"/>
        <line num="68" count="5" type="stmt"/>
        <line num="69" count="3" type="cond" truecount="1" falsecount="0"/>
        <line num="70" count="1" type="stmt"/>
        <line num="71" count="1" type="stmt"/>
        <line num="73" count="8" type="cond" truecount="2" falsecount="0"/>
        <line num="74" count="2" type="stmt"/>
        <line num="75" count="2" type="stmt"/>
        <line num="77" count="6" type="stmt"/>
        <line num="78" count="6" type="cond" truecount="1" falsecount="0"/>
        <line num="79" count="3" type="stmt"/>
        <line num="80" count="3" type="stmt"/>
        <line num="83" count="8" type="cond" truecount="2" falsecount="0"/>
        <line num="84" count="5" type="stmt"/>
        <line num="85" count="5" type="stmt"/>
        <line num="86" count="3" type="cond" truecount="1" falsecount="0"/>
        <line num="87" count="1" type="stmt"/>
        <line num="88" count="1" type="stmt"/>
        <line num="91" count="8" type="cond" truecount="1" falsecount="0"/>
        <line num="92" count="6" type="stmt"/>
        <line num="93" count="6" type="stmt"/>
        <line num="96" count="2" type="stmt"/>
        <line num="97" count="2" type="stmt"/>
        <line num="98" count="2" type="stmt"/>
        <line num="99" count="1" type="stmt"/>
        <line num="100" count="1" type="stmt"/>
        <line num="102" count="1" type="stmt"/>
        <line num="105" count="1" type="cond" truecount="2" falsecount="0"/>
        <line num="106" count="1" type="cond" truecount="2" falsecount="0"/>
        <line num="107" count="1" type="cond" truecount="2" falsecount="0"/>
        <line num="108" count="1" type="stmt"/>
        <line num="112" count="2" type="stmt"/>
        <line num="116" count="184" type="stmt"/>
        <line num="155" count="13" type="stmt"/>
        <line num="177" count="46" type="stmt"/>
        <line num="200" count="70" type="stmt"/>
        <line num="223" count="37" type="stmt"/>
        <line num="284" count="1" type="stmt"/>
        <line num="296" count="1" type="stmt"/>
      </file>
    </package>
    <package name="Home">
      <metrics statements="38" coveredstatements="38" conditionals="22" coveredconditionals="16" methods="14" coveredmethods="14"/>
      <file name="MainCarousel.tsx" path="F:\MovieExplorerr\src\Components\Layouts\Home\MainCarousel.tsx">
        <metrics statements="38" coveredstatements="38" conditionals="22" coveredconditionals="16" methods="14" coveredmethods="14"/>
        <line num="1" count="1" type="stmt"/>
        <line num="2" count="1" type="stmt"/>
        <line num="14" count="1" type="stmt"/>
        <line num="15" count="1" type="stmt"/>
        <line num="16" count="1" type="stmt"/>
        <line num="17" count="1" type="stmt"/>
        <line num="18" count="1" type="stmt"/>
        <line num="38" count="1" type="stmt"/>
        <line num="39" count="16" type="stmt"/>
        <line num="40" count="16" type="stmt"/>
        <line num="41" count="16" type="stmt"/>
        <line num="42" count="16" type="stmt"/>
        <line num="43" count="16" type="stmt"/>
        <line num="45" count="16" type="stmt"/>
        <line num="46" count="12" type="cond" truecount="1" falsecount="0"/>
        <line num="48" count="11" type="stmt"/>
        <line num="49" count="1" type="stmt"/>
        <line num="50" count="1" type="cond" truecount="1" falsecount="1"/>
        <line num="54" count="11" type="stmt"/>
        <line num="57" count="16" type="stmt"/>
        <line num="58" count="1" type="cond" truecount="0" falsecount="1"/>
        <line num="59" count="1" type="stmt"/>
        <line num="60" count="1" type="cond" truecount="1" falsecount="1"/>
        <line num="64" count="16" type="stmt"/>
        <line num="65" count="1" type="stmt"/>
        <line num="68" count="16" type="stmt"/>
        <line num="69" count="1" type="cond" truecount="0" falsecount="1"/>
        <line num="70" count="1" type="stmt"/>
        <line num="71" count="1" type="cond" truecount="1" falsecount="1"/>
        <line num="75" count="16" type="cond" truecount="1" falsecount="0"/>
        <line num="76" count="1" type="stmt"/>
        <line num="83" count="15" type="stmt"/>
        <line num="85" count="15" type="stmt"/>
        <line num="199" count="1" type="stmt"/>
        <line num="284" count="29" type="stmt"/>
        <line num="286" count="1" type="stmt"/>
        <line num="315" count="90" type="stmt"/>
        <line num="334" count="1" type="stmt"/>
      </file>
    </package>
  </project>
</coverage>
