{"F:\\MovieExplorerr\\src\\Components\\Layouts\\Auth\\Loginform.tsx": {"path":"F:\\MovieExplorerr\\src\\Components\\Layouts\\Auth\\Loginform.tsx","statementMap":{"0":{"start":{"line":1,"column":0},"end":{"line":1,"column":40}},"1":{"start":{"line":2,"column":0},"end":{"line":2,"column":47}},"2":{"start":{"line":3,"column":0},"end":{"line":3,"column":null}},"3":{"start":{"line":13,"column":0},"end":{"line":13,"column":64}},"4":{"start":{"line":14,"column":0},"end":{"line":14,"column":47}},"5":{"start":{"line":15,"column":0},"end":{"line":15,"column":39}},"6":{"start":{"line":18,"column":28},"end":{"line":268,"column":1}},"7":{"start":{"line":19,"column":19},"end":{"line":19,"column":32}},"8":{"start":{"line":20,"column":28},"end":{"line":20,"column":48}},"9":{"start":{"line":21,"column":34},"end":{"line":21,"column":54}},"10":{"start":{"line":22,"column":42},"end":{"line":22,"column":66}},"11":{"start":{"line":23,"column":38},"end":{"line":23,"column":58}},"12":{"start":{"line":24,"column":44},"end":{"line":24,"column":64}},"13":{"start":{"line":25,"column":38},"end":{"line":25,"column":58}},"14":{"start":{"line":26,"column":32},"end":{"line":26,"column":56}},"15":{"start":{"line":28,"column":22},"end":{"line":74,"column":3}},"16":{"start":{"line":29,"column":26},"end":{"line":32,"column":5}},"17":{"start":{"line":30,"column":25},"end":{"line":30,"column":34}},"18":{"start":{"line":31,"column":6},"end":{"line":31,"column":36}},"19":{"start":{"line":33,"column":4},"end":{"line":33,"column":23}},"20":{"start":{"line":34,"column":4},"end":{"line":34,"column":22}},"21":{"start":{"line":35,"column":4},"end":{"line":35,"column":25}},"22":{"start":{"line":36,"column":4},"end":{"line":36,"column":22}},"23":{"start":{"line":38,"column":19},"end":{"line":38,"column":24}},"24":{"start":{"line":40,"column":4},"end":{"line":43,"column":5}},"25":{"start":{"line":41,"column":6},"end":{"line":41,"column":41}},"26":{"start":{"line":42,"column":6},"end":{"line":42,"column":22}},"27":{"start":{"line":44,"column":4},"end":{"line":47,"column":5}},"28":{"start":{"line":45,"column":6},"end":{"line":45,"column":47}},"29":{"start":{"line":46,"column":6},"end":{"line":46,"column":22}},"30":{"start":{"line":48,"column":4},"end":{"line":50,"column":5}},"31":{"start":{"line":49,"column":6},"end":{"line":49,"column":13}},"32":{"start":{"line":52,"column":4},"end":{"line":55,"column":5}},"33":{"start":{"line":53,"column":6},"end":{"line":53,"column":41}},"34":{"start":{"line":54,"column":6},"end":{"line":54,"column":22}},"35":{"start":{"line":56,"column":4},"end":{"line":59,"column":5}},"36":{"start":{"line":57,"column":6},"end":{"line":57,"column":24}},"37":{"start":{"line":58,"column":6},"end":{"line":58,"column":13}},"38":{"start":{"line":61,"column":4},"end":{"line":61,"column":21}},"39":{"start":{"line":63,"column":4},"end":{"line":73,"column":5}},"40":{"start":{"line":64,"column":23},"end":{"line":64,"column":55}},"41":{"start":{"line":65,"column":6},"end":{"line":65,"column":41}},"42":{"start":{"line":66,"column":6},"end":{"line":66,"column":52}},"43":{"start":{"line":67,"column":6},"end":{"line":67,"column":20}},"44":{"start":{"line":69,"column":6},"end":{"line":69,"column":43}},"45":{"start":{"line":70,"column":6},"end":{"line":70,"column":45}},"46":{"start":{"line":72,"column":6},"end":{"line":72,"column":24}},"47":{"start":{"line":76,"column":2},"end":{"line":267,"column":4}},"48":{"start":{"line":127,"column":35},"end":{"line":127,"column":59}},"49":{"start":{"line":166,"column":35},"end":{"line":166,"column":62}},"50":{"start":{"line":183,"column":41},"end":{"line":183,"column":71}},"51":{"start":{"line":249,"column":31},"end":{"line":249,"column":50}},"52":{"start":{"line":270,"column":0},"end":{"line":270,"column":25}}},"fnMap":{"0":{"name":"(anonymous_0)","decl":{"start":{"line":18,"column":28},"end":{"line":18,"column":31}},"loc":{"start":{"line":18,"column":33},"end":{"line":268,"column":1}}},"1":{"name":"(anonymous_1)","decl":{"start":{"line":28,"column":22},"end":{"line":28,"column":27}},"loc":{"start":{"line":28,"column":68},"end":{"line":74,"column":3}}},"2":{"name":"(anonymous_2)","decl":{"start":{"line":29,"column":26},"end":{"line":29,"column":27}},"loc":{"start":{"line":29,"column":53},"end":{"line":32,"column":5}}},"3":{"name":"(anonymous_3)","decl":{"start":{"line":127,"column":28},"end":{"line":127,"column":29}},"loc":{"start":{"line":127,"column":35},"end":{"line":127,"column":59}}},"4":{"name":"(anonymous_4)","decl":{"start":{"line":166,"column":28},"end":{"line":166,"column":29}},"loc":{"start":{"line":166,"column":35},"end":{"line":166,"column":62}}},"5":{"name":"(anonymous_5)","decl":{"start":{"line":183,"column":35},"end":{"line":183,"column":38}},"loc":{"start":{"line":183,"column":41},"end":{"line":183,"column":71}}},"6":{"name":"(anonymous_6)","decl":{"start":{"line":249,"column":25},"end":{"line":249,"column":28}},"loc":{"start":{"line":249,"column":31},"end":{"line":249,"column":50}}}},"branchMap":{"0":{"loc":{"start":{"line":40,"column":4},"end":{"line":43,"column":5}},"type":"if","locations":[{"start":{"line":40,"column":4},"end":{"line":43,"column":5}}]},"1":{"loc":{"start":{"line":44,"column":4},"end":{"line":47,"column":5}},"type":"if","locations":[{"start":{"line":44,"column":4},"end":{"line":47,"column":5}}]},"2":{"loc":{"start":{"line":48,"column":4},"end":{"line":50,"column":5}},"type":"if","locations":[{"start":{"line":48,"column":4},"end":{"line":50,"column":5}}]},"3":{"loc":{"start":{"line":52,"column":4},"end":{"line":55,"column":5}},"type":"if","locations":[{"start":{"line":52,"column":4},"end":{"line":55,"column":5}}]},"4":{"loc":{"start":{"line":56,"column":4},"end":{"line":59,"column":5}},"type":"if","locations":[{"start":{"line":56,"column":4},"end":{"line":59,"column":5}}]},"5":{"loc":{"start":{"line":164,"column":24},"end":{"line":164,"column":58}},"type":"cond-expr","locations":[{"start":{"line":164,"column":39},"end":{"line":164,"column":45}},{"start":{"line":164,"column":48},"end":{"line":164,"column":58}}]},"6":{"loc":{"start":{"line":185,"column":39},"end":{"line":185,"column":87}},"type":"cond-expr","locations":[{"start":{"line":185,"column":54},"end":{"line":185,"column":69}},{"start":{"line":185,"column":72},"end":{"line":185,"column":87}}]},"7":{"loc":{"start":{"line":188,"column":27},"end":{"line":188,"column":76}},"type":"cond-expr","locations":[{"start":{"line":188,"column":42},"end":{"line":188,"column":59}},{"start":{"line":188,"column":62},"end":{"line":188,"column":76}}]},"8":{"loc":{"start":{"line":207,"column":15},"end":{"line":213,"column":null}},"type":"binary-expr","locations":[{"start":{"line":207,"column":15},"end":{"line":207,"column":25}},{"start":{"line":208,"column":16},"end":{"line":212,"column":null}}]},"9":{"loc":{"start":{"line":233,"column":17},"end":{"line":233,"column":52}},"type":"cond-expr","locations":[{"start":{"line":233,"column":27},"end":{"line":233,"column":42}},{"start":{"line":233,"column":45},"end":{"line":233,"column":52}}]}},"s":{"0":1,"1":1,"2":1,"3":1,"4":1,"5":1,"6":1,"7":24,"8":24,"9":24,"10":24,"11":24,"12":24,"13":24,"14":24,"15":24,"16":5,"17":4,"18":4,"19":5,"20":5,"21":5,"22":5,"23":5,"24":5,"25":1,"26":1,"27":5,"28":2,"29":2,"30":5,"31":1,"32":4,"33":1,"34":1,"35":4,"36":1,"37":1,"38":3,"39":3,"40":3,"41":1,"42":1,"43":1,"44":1,"45":1,"46":2,"47":24,"48":4,"49":3,"50":2,"51":1,"52":1},"f":{"0":24,"1":5,"2":4,"3":4,"4":3,"5":2,"6":1},"b":{"0":[1],"1":[2],"2":[1],"3":[1],"4":[1],"5":[1,23],"6":[1,23],"7":[1,23],"8":[24,1],"9":[3,21]}}
,"F:\\MovieExplorerr\\src\\Components\\Layouts\\Auth\\SignupForm.tsx": {"path":"F:\\MovieExplorerr\\src\\Components\\Layouts\\Auth\\SignupForm.tsx","statementMap":{"0":{"start":{"line":1,"column":0},"end":{"line":1,"column":40}},"1":{"start":{"line":2,"column":0},"end":{"line":2,"column":47}},"2":{"start":{"line":3,"column":0},"end":{"line":3,"column":55}},"3":{"start":{"line":4,"column":0},"end":{"line":4,"column":null}},"4":{"start":{"line":12,"column":0},"end":{"line":12,"column":51}},"5":{"start":{"line":14,"column":29},"end":{"line":294,"column":1}},"6":{"start":{"line":15,"column":19},"end":{"line":15,"column":32}},"7":{"start":{"line":16,"column":26},"end":{"line":16,"column":46}},"8":{"start":{"line":17,"column":28},"end":{"line":17,"column":48}},"9":{"start":{"line":18,"column":34},"end":{"line":18,"column":54}},"10":{"start":{"line":19,"column":48},"end":{"line":19,"column":68}},"11":{"start":{"line":20,"column":32},"end":{"line":20,"column":56}},"12":{"start":{"line":22,"column":36},"end":{"line":22,"column":56}},"13":{"start":{"line":23,"column":38},"end":{"line":23,"column":58}},"14":{"start":{"line":24,"column":44},"end":{"line":24,"column":64}},"15":{"start":{"line":25,"column":58},"end":{"line":25,"column":78}},"16":{"start":{"line":27,"column":34},"end":{"line":27,"column":54}},"17":{"start":{"line":29,"column":23},"end":{"line":32,"column":3}},"18":{"start":{"line":30,"column":23},"end":{"line":30,"column":32}},"19":{"start":{"line":31,"column":4},"end":{"line":31,"column":34}},"20":{"start":{"line":34,"column":23},"end":{"line":114,"column":3}},"21":{"start":{"line":35,"column":4},"end":{"line":35,"column":23}},"22":{"start":{"line":36,"column":4},"end":{"line":36,"column":21}},"23":{"start":{"line":37,"column":28},"end":{"line":52,"column":5}},"24":{"start":{"line":38,"column":29},"end":{"line":38,"column":36}},"25":{"start":{"line":39,"column":26},"end":{"line":39,"column":33}},"26":{"start":{"line":40,"column":31},"end":{"line":40,"column":55}},"27":{"start":{"line":42,"column":6},"end":{"line":44,"column":7}},"28":{"start":{"line":43,"column":8},"end":{"line":43,"column":57}},"29":{"start":{"line":45,"column":6},"end":{"line":47,"column":7}},"30":{"start":{"line":46,"column":8},"end":{"line":46,"column":60}},"31":{"start":{"line":48,"column":6},"end":{"line":50,"column":7}},"32":{"start":{"line":49,"column":8},"end":{"line":49,"column":71}},"33":{"start":{"line":51,"column":6},"end":{"line":51,"column":16}},"34":{"start":{"line":54,"column":4},"end":{"line":54,"column":21}},"35":{"start":{"line":55,"column":4},"end":{"line":55,"column":22}},"36":{"start":{"line":56,"column":4},"end":{"line":56,"column":25}},"37":{"start":{"line":57,"column":4},"end":{"line":57,"column":32}},"38":{"start":{"line":58,"column":4},"end":{"line":58,"column":20}},"39":{"start":{"line":60,"column":16},"end":{"line":60,"column":20}},"40":{"start":{"line":62,"column":4},"end":{"line":65,"column":5}},"41":{"start":{"line":63,"column":6},"end":{"line":63,"column":40}},"42":{"start":{"line":64,"column":6},"end":{"line":64,"column":20}},"43":{"start":{"line":66,"column":4},"end":{"line":72,"column":5}},"44":{"start":{"line":67,"column":6},"end":{"line":67,"column":42}},"45":{"start":{"line":68,"column":6},"end":{"line":68,"column":20}},"46":{"start":{"line":69,"column":11},"end":{"line":72,"column":5}},"47":{"start":{"line":70,"column":6},"end":{"line":70,"column":51}},"48":{"start":{"line":71,"column":6},"end":{"line":71,"column":20}},"49":{"start":{"line":73,"column":4},"end":{"line":82,"column":5}},"50":{"start":{"line":74,"column":6},"end":{"line":74,"column":48}},"51":{"start":{"line":75,"column":6},"end":{"line":75,"column":20}},"52":{"start":{"line":77,"column":38},"end":{"line":77,"column":63}},"53":{"start":{"line":78,"column":6},"end":{"line":81,"column":7}},"54":{"start":{"line":79,"column":8},"end":{"line":79,"column":50}},"55":{"start":{"line":80,"column":8},"end":{"line":80,"column":22}},"56":{"start":{"line":83,"column":4},"end":{"line":89,"column":5}},"57":{"start":{"line":84,"column":6},"end":{"line":84,"column":63}},"58":{"start":{"line":85,"column":6},"end":{"line":85,"column":20}},"59":{"start":{"line":86,"column":11},"end":{"line":89,"column":5}},"60":{"start":{"line":87,"column":6},"end":{"line":87,"column":57}},"61":{"start":{"line":88,"column":6},"end":{"line":88,"column":20}},"62":{"start":{"line":91,"column":4},"end":{"line":94,"column":5}},"63":{"start":{"line":92,"column":6},"end":{"line":92,"column":24}},"64":{"start":{"line":93,"column":6},"end":{"line":93,"column":13}},"65":{"start":{"line":96,"column":4},"end":{"line":113,"column":5}},"66":{"start":{"line":97,"column":19},"end":{"line":97,"column":44}},"67":{"start":{"line":98,"column":19},"end":{"line":98,"column":41}},"68":{"start":{"line":99,"column":6},"end":{"line":99,"column":42}},"69":{"start":{"line":100,"column":6},"end":{"line":100,"column":25}},"70":{"start":{"line":102,"column":6},"end":{"line":104,"column":8}},"71":{"start":{"line":105,"column":6},"end":{"line":105,"column":59}},"72":{"start":{"line":106,"column":6},"end":{"line":106,"column":61}},"73":{"start":{"line":107,"column":6},"end":{"line":107,"column":67}},"74":{"start":{"line":108,"column":6},"end":{"line":110,"column":8}},"75":{"start":{"line":112,"column":6},"end":{"line":112,"column":24}},"76":{"start":{"line":116,"column":2},"end":{"line":293,"column":4}},"77":{"start":{"line":155,"column":33},"end":{"line":155,"column":56}},"78":{"start":{"line":177,"column":33},"end":{"line":177,"column":57}},"79":{"start":{"line":200,"column":33},"end":{"line":200,"column":60}},"80":{"start":{"line":223,"column":33},"end":{"line":223,"column":67}},"81":{"start":{"line":284,"column":29},"end":{"line":284,"column":47}},"82":{"start":{"line":296,"column":0},"end":{"line":296,"column":26}}},"fnMap":{"0":{"name":"(anonymous_0)","decl":{"start":{"line":14,"column":29},"end":{"line":14,"column":32}},"loc":{"start":{"line":14,"column":34},"end":{"line":294,"column":1}}},"1":{"name":"(anonymous_1)","decl":{"start":{"line":29,"column":23},"end":{"line":29,"column":24}},"loc":{"start":{"line":29,"column":41},"end":{"line":32,"column":3}}},"2":{"name":"(anonymous_2)","decl":{"start":{"line":34,"column":23},"end":{"line":34,"column":28}},"loc":{"start":{"line":34,"column":69},"end":{"line":114,"column":3}}},"3":{"name":"(anonymous_3)","decl":{"start":{"line":37,"column":28},"end":{"line":37,"column":29}},"loc":{"start":{"line":37,"column":49},"end":{"line":52,"column":5}}},"4":{"name":"(anonymous_4)","decl":{"start":{"line":155,"column":26},"end":{"line":155,"column":27}},"loc":{"start":{"line":155,"column":33},"end":{"line":155,"column":56}}},"5":{"name":"(anonymous_5)","decl":{"start":{"line":177,"column":26},"end":{"line":177,"column":27}},"loc":{"start":{"line":177,"column":33},"end":{"line":177,"column":57}}},"6":{"name":"(anonymous_6)","decl":{"start":{"line":200,"column":26},"end":{"line":200,"column":27}},"loc":{"start":{"line":200,"column":33},"end":{"line":200,"column":60}}},"7":{"name":"(anonymous_7)","decl":{"start":{"line":223,"column":26},"end":{"line":223,"column":27}},"loc":{"start":{"line":223,"column":33},"end":{"line":223,"column":67}}},"8":{"name":"(anonymous_8)","decl":{"start":{"line":284,"column":23},"end":{"line":284,"column":26}},"loc":{"start":{"line":284,"column":29},"end":{"line":284,"column":47}}}},"branchMap":{"0":{"loc":{"start":{"line":42,"column":6},"end":{"line":44,"column":7}},"type":"if","locations":[{"start":{"line":42,"column":6},"end":{"line":44,"column":7}}]},"1":{"loc":{"start":{"line":45,"column":6},"end":{"line":47,"column":7}},"type":"if","locations":[{"start":{"line":45,"column":6},"end":{"line":47,"column":7}}]},"2":{"loc":{"start":{"line":48,"column":6},"end":{"line":50,"column":7}},"type":"if","locations":[{"start":{"line":48,"column":6},"end":{"line":50,"column":7}}]},"3":{"loc":{"start":{"line":62,"column":4},"end":{"line":65,"column":5}},"type":"if","locations":[{"start":{"line":62,"column":4},"end":{"line":65,"column":5}}]},"4":{"loc":{"start":{"line":66,"column":4},"end":{"line":72,"column":5}},"type":"if","locations":[{"start":{"line":66,"column":4},"end":{"line":72,"column":5}},{"start":{"line":69,"column":11},"end":{"line":72,"column":5}}]},"5":{"loc":{"start":{"line":69,"column":11},"end":{"line":72,"column":5}},"type":"if","locations":[{"start":{"line":69,"column":11},"end":{"line":72,"column":5}}]},"6":{"loc":{"start":{"line":73,"column":4},"end":{"line":82,"column":5}},"type":"if","locations":[{"start":{"line":73,"column":4},"end":{"line":82,"column":5}},{"start":{"line":76,"column":11},"end":{"line":82,"column":5}}]},"7":{"loc":{"start":{"line":78,"column":6},"end":{"line":81,"column":7}},"type":"if","locations":[{"start":{"line":78,"column":6},"end":{"line":81,"column":7}}]},"8":{"loc":{"start":{"line":83,"column":4},"end":{"line":89,"column":5}},"type":"if","locations":[{"start":{"line":83,"column":4},"end":{"line":89,"column":5}},{"start":{"line":86,"column":11},"end":{"line":89,"column":5}}]},"9":{"loc":{"start":{"line":86,"column":11},"end":{"line":89,"column":5}},"type":"if","locations":[{"start":{"line":86,"column":11},"end":{"line":89,"column":5}}]},"10":{"loc":{"start":{"line":91,"column":4},"end":{"line":94,"column":5}},"type":"if","locations":[{"start":{"line":91,"column":4},"end":{"line":94,"column":5}}]},"11":{"loc":{"start":{"line":103,"column":8},"end":{"line":103,"column":77}},"type":"binary-expr","locations":[{"start":{"line":103,"column":8},"end":{"line":103,"column":39}},{"start":{"line":103,"column":43},"end":{"line":103,"column":77}}]},"12":{"loc":{"start":{"line":105,"column":19},"end":{"line":105,"column":57}},"type":"binary-expr","locations":[{"start":{"line":105,"column":19},"end":{"line":105,"column":51}},{"start":{"line":105,"column":55},"end":{"line":105,"column":57}}]},"13":{"loc":{"start":{"line":106,"column":20},"end":{"line":106,"column":59}},"type":"binary-expr","locations":[{"start":{"line":106,"column":20},"end":{"line":106,"column":53}},{"start":{"line":106,"column":57},"end":{"line":106,"column":59}}]},"14":{"loc":{"start":{"line":107,"column":23},"end":{"line":107,"column":65}},"type":"binary-expr","locations":[{"start":{"line":107,"column":23},"end":{"line":107,"column":59}},{"start":{"line":107,"column":63},"end":{"line":107,"column":65}}]},"15":{"loc":{"start":{"line":109,"column":8},"end":{"line":109,"column":57}},"type":"binary-expr","locations":[{"start":{"line":109,"column":8},"end":{"line":109,"column":51}},{"start":{"line":109,"column":55},"end":{"line":109,"column":57}}]},"16":{"loc":{"start":{"line":240,"column":15},"end":{"line":256,"column":null}},"type":"binary-expr","locations":[{"start":{"line":240,"column":15},"end":{"line":240,"column":23}},{"start":{"line":241,"column":16},"end":{"line":255,"column":null}}]},"17":{"loc":{"start":{"line":277,"column":17},"end":{"line":277,"column":54}},"type":"cond-expr","locations":[{"start":{"line":277,"column":27},"end":{"line":277,"column":42}},{"start":{"line":277,"column":45},"end":{"line":277,"column":54}}]}},"s":{"0":1,"1":1,"2":1,"3":1,"4":1,"5":1,"6":184,"7":184,"8":184,"9":184,"10":184,"11":184,"12":184,"13":184,"14":184,"15":184,"16":184,"17":184,"18":3,"19":3,"20":184,"21":8,"22":8,"23":8,"24":6,"25":6,"26":6,"27":6,"28":1,"29":5,"30":1,"31":4,"32":1,"33":3,"34":8,"35":8,"36":8,"37":8,"38":8,"39":8,"40":8,"41":6,"42":6,"43":8,"44":5,"45":5,"46":3,"47":1,"48":1,"49":8,"50":2,"51":2,"52":6,"53":6,"54":3,"55":3,"56":8,"57":5,"58":5,"59":3,"60":1,"61":1,"62":8,"63":6,"64":6,"65":2,"66":2,"67":2,"68":1,"69":1,"70":1,"71":1,"72":1,"73":1,"74":1,"75":2,"76":184,"77":13,"78":46,"79":70,"80":37,"81":1,"82":1},"f":{"0":184,"1":3,"2":8,"3":6,"4":13,"5":46,"6":70,"7":37,"8":1},"b":{"0":[1],"1":[1],"2":[1],"3":[6],"4":[5,3],"5":[1],"6":[2,6],"7":[3],"8":[5,3],"9":[1],"10":[6],"11":[1,0],"12":[1,1],"13":[1,1],"14":[1,1],"15":[1,1],"16":[184,1],"17":[2,182]}}
,"F:\\MovieExplorerr\\src\\Components\\Layouts\\Home\\MainCarousel.tsx": {"path":"F:\\MovieExplorerr\\src\\Components\\Layouts\\Home\\MainCarousel.tsx","statementMap":{"0":{"start":{"line":1,"column":0},"end":{"line":1,"column":51}},"1":{"start":{"line":2,"column":0},"end":{"line":2,"column":null}},"2":{"start":{"line":14,"column":0},"end":{"line":14,"column":48}},"3":{"start":{"line":15,"column":0},"end":{"line":15,"column":70}},"4":{"start":{"line":16,"column":0},"end":{"line":16,"column":70}},"5":{"start":{"line":17,"column":0},"end":{"line":17,"column":47}},"6":{"start":{"line":18,"column":0},"end":{"line":18,"column":48}},"7":{"start":{"line":38,"column":50},"end":{"line":332,"column":1}},"8":{"start":{"line":39,"column":19},"end":{"line":39,"column":32}},"9":{"start":{"line":40,"column":42},"end":{"line":40,"column":61}},"10":{"start":{"line":41,"column":16},"end":{"line":41,"column":26}},"11":{"start":{"line":42,"column":19},"end":{"line":42,"column":62}},"12":{"start":{"line":43,"column":19},"end":{"line":43,"column":71}},"13":{"start":{"line":45,"column":2},"end":{"line":55,"column":15}},"14":{"start":{"line":46,"column":4},"end":{"line":46,"column":36}},"15":{"start":{"line":46,"column":29},"end":{"line":46,"column":36}},"16":{"start":{"line":48,"column":21},"end":{"line":52,"column":12}},"17":{"start":{"line":49,"column":6},"end":{"line":51,"column":8}},"18":{"start":{"line":50,"column":8},"end":{"line":50,"column":59}},"19":{"start":{"line":54,"column":4},"end":{"line":54,"column":41}},"20":{"start":{"line":54,"column":17},"end":{"line":54,"column":40}},"21":{"start":{"line":57,"column":20},"end":{"line":62,"column":3}},"22":{"start":{"line":58,"column":4},"end":{"line":58,"column":36}},"23":{"start":{"line":58,"column":29},"end":{"line":58,"column":36}},"24":{"start":{"line":59,"column":4},"end":{"line":61,"column":6}},"25":{"start":{"line":60,"column":6},"end":{"line":60,"column":57}},"26":{"start":{"line":64,"column":34},"end":{"line":66,"column":3}},"27":{"start":{"line":65,"column":4},"end":{"line":65,"column":34}},"28":{"start":{"line":68,"column":20},"end":{"line":73,"column":3}},"29":{"start":{"line":69,"column":4},"end":{"line":69,"column":36}},"30":{"start":{"line":69,"column":29},"end":{"line":69,"column":36}},"31":{"start":{"line":70,"column":4},"end":{"line":72,"column":6}},"32":{"start":{"line":71,"column":6},"end":{"line":71,"column":57}},"33":{"start":{"line":75,"column":2},"end":{"line":81,"column":3}},"34":{"start":{"line":76,"column":4},"end":{"line":80,"column":6}},"35":{"start":{"line":83,"column":23},"end":{"line":83,"column":43}},"36":{"start":{"line":85,"column":2},"end":{"line":331,"column":4}},"37":{"start":{"line":199,"column":29},"end":{"line":199,"column":69}},"38":{"start":{"line":284,"column":10},"end":{"line":285,"column":null}},"39":{"start":{"line":286,"column":27},"end":{"line":286,"column":47}},"40":{"start":{"line":315,"column":12},"end":{"line":316,"column":null}},"41":{"start":{"line":334,"column":0},"end":{"line":334,"column":28}}},"fnMap":{"0":{"name":"(anonymous_1)","decl":{"start":{"line":38,"column":50},"end":{"line":38,"column":51}},"loc":{"start":{"line":38,"column":65},"end":{"line":332,"column":1}}},"1":{"name":"(anonymous_2)","decl":{"start":{"line":45,"column":12},"end":{"line":45,"column":15}},"loc":{"start":{"line":45,"column":17},"end":{"line":55,"column":3}}},"2":{"name":"(anonymous_3)","decl":{"start":{"line":48,"column":33},"end":{"line":48,"column":36}},"loc":{"start":{"line":48,"column":38},"end":{"line":52,"column":5}}},"3":{"name":"(anonymous_4)","decl":{"start":{"line":49,"column":22},"end":{"line":49,"column":23}},"loc":{"start":{"line":50,"column":8},"end":{"line":50,"column":59}}},"4":{"name":"(anonymous_5)","decl":{"start":{"line":54,"column":11},"end":{"line":54,"column":14}},"loc":{"start":{"line":54,"column":17},"end":{"line":54,"column":40}}},"5":{"name":"(anonymous_6)","decl":{"start":{"line":57,"column":20},"end":{"line":57,"column":23}},"loc":{"start":{"line":57,"column":25},"end":{"line":62,"column":3}}},"6":{"name":"(anonymous_7)","decl":{"start":{"line":59,"column":20},"end":{"line":59,"column":21}},"loc":{"start":{"line":60,"column":6},"end":{"line":60,"column":57}}},"7":{"name":"(anonymous_8)","decl":{"start":{"line":64,"column":34},"end":{"line":64,"column":35}},"loc":{"start":{"line":64,"column":54},"end":{"line":66,"column":3}}},"8":{"name":"(anonymous_9)","decl":{"start":{"line":68,"column":20},"end":{"line":68,"column":23}},"loc":{"start":{"line":68,"column":25},"end":{"line":73,"column":3}}},"9":{"name":"(anonymous_10)","decl":{"start":{"line":70,"column":20},"end":{"line":70,"column":21}},"loc":{"start":{"line":71,"column":6},"end":{"line":71,"column":57}}},"10":{"name":"(anonymous_11)","decl":{"start":{"line":199,"column":23},"end":{"line":199,"column":26}},"loc":{"start":{"line":199,"column":29},"end":{"line":199,"column":69}}},"11":{"name":"(anonymous_12)","decl":{"start":{"line":283,"column":20},"end":{"line":283,"column":21}},"loc":{"start":{"line":284,"column":10},"end":{"line":285,"column":null}}},"12":{"name":"(anonymous_13)","decl":{"start":{"line":286,"column":21},"end":{"line":286,"column":24}},"loc":{"start":{"line":286,"column":27},"end":{"line":286,"column":47}}},"13":{"name":"(anonymous_14)","decl":{"start":{"line":314,"column":10},"end":{"line":314,"column":11}},"loc":{"start":{"line":315,"column":12},"end":{"line":316,"column":null}}}},"branchMap":{"0":{"loc":{"start":{"line":46,"column":4},"end":{"line":46,"column":36}},"type":"if","locations":[{"start":{"line":46,"column":4},"end":{"line":46,"column":36}}]},"1":{"loc":{"start":{"line":50,"column":8},"end":{"line":50,"column":59}},"type":"cond-expr","locations":[{"start":{"line":50,"column":42},"end":{"line":50,"column":43}},{"start":{"line":50,"column":46},"end":{"line":50,"column":59}}]},"2":{"loc":{"start":{"line":58,"column":4},"end":{"line":58,"column":36}},"type":"if","locations":[{"start":{"line":58,"column":4},"end":{"line":58,"column":36}}]},"3":{"loc":{"start":{"line":60,"column":6},"end":{"line":60,"column":57}},"type":"cond-expr","locations":[{"start":{"line":60,"column":40},"end":{"line":60,"column":41}},{"start":{"line":60,"column":44},"end":{"line":60,"column":57}}]},"4":{"loc":{"start":{"line":69,"column":4},"end":{"line":69,"column":36}},"type":"if","locations":[{"start":{"line":69,"column":4},"end":{"line":69,"column":36}}]},"5":{"loc":{"start":{"line":71,"column":6},"end":{"line":71,"column":57}},"type":"cond-expr","locations":[{"start":{"line":71,"column":24},"end":{"line":71,"column":41}},{"start":{"line":71,"column":44},"end":{"line":71,"column":57}}]},"6":{"loc":{"start":{"line":75,"column":2},"end":{"line":81,"column":3}},"type":"if","locations":[{"start":{"line":75,"column":2},"end":{"line":81,"column":3}}]},"7":{"loc":{"start":{"line":145,"column":21},"end":{"line":145,"column":61}},"type":"cond-expr","locations":[{"start":{"line":145,"column":32},"end":{"line":145,"column":36}},{"start":{"line":145,"column":39},"end":{"line":145,"column":61}}]},"8":{"loc":{"start":{"line":145,"column":39},"end":{"line":145,"column":61}},"type":"cond-expr","locations":[{"start":{"line":145,"column":50},"end":{"line":145,"column":54}},{"start":{"line":145,"column":57},"end":{"line":145,"column":61}}]},"9":{"loc":{"start":{"line":181,"column":13},"end":{"line":181,"column":68}},"type":"binary-expr","locations":[{"start":{"line":181,"column":13},"end":{"line":181,"column":37}},{"start":{"line":181,"column":41},"end":{"line":181,"column":68}}]},"10":{"loc":{"start":{"line":250,"column":39},"end":{"line":250,"column":68}},"type":"cond-expr","locations":[{"start":{"line":250,"column":50},"end":{"line":250,"column":58}},{"start":{"line":250,"column":61},"end":{"line":250,"column":68}}]},"11":{"loc":{"start":{"line":268,"column":39},"end":{"line":268,"column":68}},"type":"cond-expr","locations":[{"start":{"line":268,"column":50},"end":{"line":268,"column":58}},{"start":{"line":268,"column":61},"end":{"line":268,"column":68}}]},"12":{"loc":{"start":{"line":292,"column":23},"end":{"line":292,"column":86}},"type":"cond-expr","locations":[{"start":{"line":292,"column":46},"end":{"line":292,"column":60}},{"start":{"line":292,"column":63},"end":{"line":292,"column":86}}]}},"s":{"0":1,"1":1,"2":1,"3":1,"4":1,"5":1,"6":1,"7":1,"8":16,"9":16,"10":16,"11":16,"12":16,"13":16,"14":12,"15":1,"16":11,"17":1,"18":1,"19":11,"20":11,"21":16,"22":1,"23":0,"24":1,"25":1,"26":16,"27":1,"28":16,"29":1,"30":0,"31":1,"32":1,"33":16,"34":1,"35":15,"36":15,"37":1,"38":29,"39":1,"40":90,"41":1},"f":{"0":16,"1":12,"2":1,"3":1,"4":11,"5":1,"6":1,"7":1,"8":1,"9":1,"10":1,"11":29,"12":1,"13":90},"b":{"0":[1],"1":[0,1],"2":[0],"3":[0,1],"4":[0],"5":[1,0],"6":[1],"7":[3,12],"8":[0,12],"9":[15,1],"10":[3,12],"11":[3,12],"12":[15,14]}}
}
