TN:
SF:src\Components\Common\Footer.tsx
FN:6,(anonymous_1)
FNF:1
FNH:1
FNDA:4,(anonymous_1)
DA:2,1
DA:3,1
DA:4,1
DA:6,1
DA:7,4
DA:134,1
LF:6
LH:6
BRF:0
BRH:0
end_of_record
TN:
SF:src\Components\Layouts\Home\MainCarousel.tsx
FN:21,(anonymous_1)
FN:28,(anonymous_2)
FN:31,(anonymous_3)
FN:32,(anonymous_4)
FN:37,(anonymous_5)
FN:40,(anonymous_6)
FN:42,(anonymous_7)
FN:47,(anonymous_8)
FN:51,(anonymous_9)
FN:53,(anonymous_10)
FN:186,(anonymous_11)
FN:270,(anonymous_12)
FN:273,(anonymous_13)
FN:301,(anonymous_14)
FNF:14
FNH:14
FNDA:16,(anonymous_1)
FNDA:12,(anonymous_2)
FNDA:1,(anonymous_3)
FNDA:1,(anonymous_4)
FNDA:11,(anonymous_5)
FNDA:1,(anonymous_6)
FNDA:1,(anonymous_7)
FNDA:1,(anonymous_8)
FNDA:1,(anonymous_9)
FNDA:1,(anonymous_10)
FNDA:1,(anonymous_11)
FNDA:29,(anonymous_12)
FNDA:1,(anonymous_13)
FNDA:90,(anonymous_14)
DA:1,1
DA:2,1
DA:14,1
DA:15,1
DA:16,1
DA:17,1
DA:18,1
DA:21,1
DA:22,16
DA:23,16
DA:24,16
DA:25,16
DA:26,16
DA:28,16
DA:29,12
DA:31,11
DA:32,1
DA:33,1
DA:37,11
DA:40,16
DA:41,1
DA:42,1
DA:43,1
DA:47,16
DA:48,1
DA:51,16
DA:52,1
DA:53,1
DA:54,1
DA:58,16
DA:59,1
DA:66,15
DA:68,15
DA:186,1
DA:271,29
DA:273,1
DA:302,90
DA:321,1
LF:38
LH:38
BRDA:29,0,0,1
BRDA:33,1,0,0
BRDA:33,1,1,1
BRDA:41,2,0,0
BRDA:43,3,0,0
BRDA:43,3,1,1
BRDA:52,4,0,0
BRDA:54,5,0,1
BRDA:54,5,1,0
BRDA:58,6,0,1
BRDA:132,7,0,3
BRDA:132,7,1,12
BRDA:132,8,0,0
BRDA:132,8,1,12
BRDA:168,9,0,15
BRDA:168,9,1,1
BRDA:237,10,0,3
BRDA:237,10,1,12
BRDA:255,11,0,3
BRDA:255,11,1,12
BRDA:279,12,0,15
BRDA:279,12,1,14
BRF:22
BRH:16
end_of_record
TN:
SF:src\Components\Layouts\Home\MovieCard.tsx
FN:16,(anonymous_1)
FN:27,(anonymous_2)
FN:52,(anonymous_3)
FN:71,(anonymous_4)
FNF:4
FNH:2
FNDA:6,(anonymous_1)
FNDA:0,(anonymous_2)
FNDA:1,(anonymous_3)
FNDA:0,(anonymous_4)
DA:2,1
DA:10,1
DA:11,1
DA:12,1
DA:13,1
DA:16,1
DA:25,6
DA:27,0
DA:53,1
DA:54,1
DA:71,0
DA:156,1
LF:12
LH:10
BRDA:39,0,0,6
BRDA:39,0,1,2
BRDA:63,1,0,0
BRDA:63,1,1,2
BRDA:64,2,0,0
BRDA:64,2,1,2
BRDA:67,3,0,0
BRDA:67,3,1,2
BRDA:75,4,0,0
BRDA:75,4,1,2
BRDA:76,5,0,0
BRDA:76,5,1,2
BRDA:79,6,0,0
BRDA:79,6,1,2
BRDA:84,7,0,6
BRDA:84,7,1,1
BRDA:102,8,0,0
BRDA:102,8,1,1
BRDA:111,9,0,0
BRDA:111,9,1,6
BRDA:113,10,0,6
BRDA:113,10,1,0
BRDA:116,11,0,6
BRDA:116,11,1,0
BRDA:136,12,0,0
BRDA:136,12,1,6
BRF:26
BRH:15
end_of_record
TN:
SF:src\Components\Layouts\Movie\MovieCard.tsx
FN:16,(anonymous_1)
FN:25,(anonymous_2)
FN:67,(anonymous_3)
FN:84,(anonymous_4)
FNF:4
FNH:0
FNDA:0,(anonymous_1)
FNDA:0,(anonymous_2)
FNDA:0,(anonymous_3)
FNDA:0,(anonymous_4)
DA:2,0
DA:10,0
DA:11,0
DA:12,0
DA:13,0
DA:16,0
DA:23,0
DA:25,0
DA:68,0
DA:69,0
DA:85,0
DA:86,0
DA:158,0
LF:13
LH:0
BRDA:39,0,0,0
BRDA:39,0,1,0
BRDA:55,1,0,0
BRDA:55,1,1,0
BRDA:105,2,0,0
BRDA:105,2,1,0
BRF:6
BRH:0
end_of_record
TN:
SF:src\Components\Layouts\Movie\Moviedetails.tsx
FN:16,(anonymous_1)
FN:23,(anonymous_2)
FN:32,(anonymous_3)
FN:124,(anonymous_4)
FNF:4
FNH:4
FNDA:15,(anonymous_1)
FNDA:5,(anonymous_2)
FNDA:3,(anonymous_3)
FNDA:42,(anonymous_4)
DA:1,1
DA:2,1
DA:12,1
DA:13,1
DA:16,1
DA:17,15
DA:18,15
DA:20,15
DA:21,15
DA:23,15
DA:24,5
DA:25,5
DA:26,5
DA:27,1
DA:29,4
DA:30,4
DA:31,4
DA:32,3
DA:34,1
DA:36,4
DA:40,15
DA:41,1
DA:57,14
DA:125,42
DA:280,1
LF:25
LH:25
BRDA:20,0,0,15
BRDA:20,0,1,12
BRDA:24,1,0,0
BRDA:26,2,0,1
BRDA:40,3,0,1
BRDA:106,4,0,0
BRDA:106,4,1,14
BRDA:128,5,0,0
BRDA:128,5,1,42
BRDA:154,6,0,0
BRDA:154,6,1,14
BRDA:166,7,0,0
BRDA:166,7,1,14
BRDA:171,8,0,14
BRDA:171,8,1,0
BRDA:195,9,0,14
BRDA:195,9,1,0
BRDA:197,10,0,14
BRDA:197,10,1,14
BRDA:205,11,0,14
BRDA:205,11,1,0
BRDA:210,12,0,14
BRDA:210,12,1,0
BRDA:224,13,0,14
BRDA:224,13,1,0
BRDA:236,14,0,14
BRDA:236,14,1,0
BRDA:257,15,0,4
BRDA:257,15,1,10
BRDA:263,16,0,4
BRDA:263,16,1,10
BRDA:267,17,0,4
BRDA:267,17,1,10
BRDA:269,18,0,3
BRDA:269,18,1,7
BRF:35
BRH:24
end_of_record
TN:
SF:src\Components\Layouts\NotFound\NotFound.tsx
FN:5,(anonymous_0)
FN:30,(anonymous_1)
FNF:2
FNH:2
FNDA:4,(anonymous_0)
FNDA:1,(anonymous_1)
DA:2,1
DA:3,1
DA:5,1
DA:6,4
DA:8,4
DA:30,1
DA:38,1
LF:7
LH:7
BRF:0
BRH:0
end_of_record
TN:
SF:src\Components\Layouts\Subscription\SubscriptionPlans.tsx
FN:22,(anonymous_0)
FN:71,(anonymous_1)
FN:133,(anonymous_2)
FN:219,(anonymous_3)
FN:239,(anonymous_4)
FN:283,(anonymous_5)
FN:284,(anonymous_6)
FNF:7
FNH:7
FNDA:13,(anonymous_0)
FNDA:2,(anonymous_1)
FNDA:39,(anonymous_2)
FNDA:182,(anonymous_3)
FNDA:4,(anonymous_4)
FNDA:13,(anonymous_5)
FNDA:13,(anonymous_6)
DA:1,1
DA:2,1
DA:18,1
DA:19,1
DA:22,1
DA:23,13
DA:24,13
DA:25,13
DA:26,13
DA:28,13
DA:71,13
DA:72,2
DA:73,0
DA:74,0
DA:77,2
DA:78,2
DA:80,2
DA:81,2
DA:82,1
DA:83,1
DA:85,0
DA:88,1
DA:91,1
DA:95,13
DA:134,39
DA:220,182
DA:239,4
DA:283,13
DA:284,13
DA:317,1
LF:30
LH:27
BRDA:72,0,0,0
BRDA:82,1,0,1
BRDA:82,1,1,0
BRDA:89,2,0,1
BRDA:89,2,1,0
BRDA:151,3,0,7
BRDA:151,3,1,32
BRDA:162,4,0,7
BRDA:162,4,1,32
BRDA:163,5,0,7
BRDA:163,5,1,32
BRDA:170,6,0,39
BRDA:170,6,1,13
BRDA:184,7,0,39
BRDA:184,7,1,13
BRDA:235,8,0,7
BRDA:235,8,1,32
BRDA:244,9,0,7
BRDA:244,9,1,32
BRDA:246,10,0,7
BRDA:246,10,1,32
BRDA:251,11,0,7
BRDA:251,11,1,32
BRDA:259,12,0,13
BRDA:259,12,1,7
BRDA:286,13,0,7
BRDA:286,13,1,1
BRDA:299,14,0,2
BRDA:299,14,1,5
BRF:29
BRH:26
end_of_record
TN:
SF:src\Components\Layouts\Subscription\Success.tsx
FN:14,(anonymous_0)
FN:20,(anonymous_1)
FN:21,(anonymous_2)
FN:103,(anonymous_3)
FN:147,(anonymous_4)
FNF:5
FNH:3
FNDA:7,(anonymous_0)
FNDA:4,(anonymous_1)
FNDA:4,(anonymous_2)
FNDA:0,(anonymous_3)
FNDA:0,(anonymous_4)
DA:1,1
DA:2,1
DA:10,1
DA:11,1
DA:12,1
DA:14,1
DA:15,7
DA:16,7
DA:17,7
DA:18,7
DA:20,7
DA:21,4
DA:22,4
DA:23,4
DA:25,4
DA:26,1
DA:27,1
DA:28,1
DA:31,3
DA:32,3
DA:33,2
DA:34,2
DA:35,2
DA:37,1
DA:38,1
DA:39,1
DA:43,4
DA:46,7
DA:103,0
DA:147,0
DA:164,1
LF:31
LH:29
BRDA:25,0,0,1
BRDA:38,1,0,1
BRDA:38,1,1,0
BRDA:78,2,0,4
BRDA:78,2,1,3
BRDA:91,3,0,2
BRDA:91,3,1,1
BRDA:139,4,0,1
BRDA:139,4,1,1
BRF:9
BRH:8
end_of_record
TN:
SF:src\Components\Layouts\WishList\WishList.tsx
FN:43,(anonymous_0)
FN:49,(anonymous_1)
FN:50,(anonymous_2)
FN:66,(anonymous_3)
FN:73,(anonymous_4)
FN:126,(anonymous_5)
FN:154,(anonymous_6)
FN:285,(anonymous_7)
FNF:8
FNH:8
FNDA:14,(anonymous_0)
FNDA:7,(anonymous_1)
FNDA:7,(anonymous_2)
FNDA:2,(anonymous_3)
FNDA:2,(anonymous_4)
FNDA:1,(anonymous_5)
FNDA:7,(anonymous_6)
FNDA:2,(anonymous_7)
DA:1,1
DA:2,1
DA:3,1
DA:15,1
DA:19,1
DA:21,1
DA:23,1
DA:43,1
DA:44,14
DA:45,14
DA:46,14
DA:47,14
DA:49,14
DA:50,7
DA:51,7
DA:52,7
DA:53,7
DA:54,6
DA:55,6
DA:56,6
DA:58,1
DA:59,1
DA:63,7
DA:66,14
DA:67,2
DA:68,2
DA:70,1
DA:71,1
DA:72,1
DA:73,2
DA:74,1
DA:76,0
DA:80,14
DA:81,7
DA:96,7
DA:97,1
DA:112,6
DA:126,1
DA:155,7
DA:285,2
DA:300,1
LF:41
LH:40
BRDA:54,0,0,6
BRDA:54,0,1,0
BRDA:68,1,0,1
BRDA:80,2,0,7
BRDA:96,3,0,1
BRDA:141,4,0,2
BRDA:141,4,1,4
BRDA:255,5,0,7
BRDA:255,5,1,3
BRF:9
BRH:8
end_of_record
